./ft_is_negative.c:1: MINOR:C-G1
./ft_print_alphabet.c:1: MINOR:C-G1
./ft_print_alphabet.c:3: MAJOR:C-F6
./ft_print_alphabet.c:5: MINOR:C-L2
./ft_print_alphabet.c:8: MINOR:C-L3
./ft_print_alphabet.c:9: MINOR:C-L4
./ft_print_alphabet.c:16: MINOR:C-G8
./ft_print_comb.c:1: MINOR:C-G1
./ft_print_comb.c:3: MAJOR:C-F6
./ft_print_comb.c:5: MAJOR:C-F6
./ft_print_comb.c:13: MINOR:C-L2
./ft_print_comb.c:14: MINOR:C-L2
./ft_print_comb.c:15: MAJOR:C-C1
./ft_print_comb.c:15: MINOR:C-L2
./ft_print_comb.c:15: MINOR:C-L3
./ft_print_comb.c:17: MAJOR:C-C1
./ft_print_comb.c:20: MAJOR:C-C1
./ft_print_comb.c:20: MINOR:C-L3
./ft_print_comb.c:24: MINOR:C-L2
./ft_print_comb.c:27: MAJOR:C-F4
./ft_print_comb.c:28: MAJOR:C-F4
./ft_print_comb.c:28: MINOR:C-L3
./ft_print_comb.c:29: MAJOR:C-F4
./ft_print_comb.c:30: MAJOR:C-F4
./ft_print_comb.c:31: MAJOR:C-F4
./ft_print_comb.c:41: MAJOR:C-F6
./ft_print_comb2.c:1: MINOR:C-G1
./ft_print_comb2.c:3: MAJOR:C-F6
./ft_print_comb2.c:5: MAJOR:C-F6
./ft_print_comb2.c:13: MINOR:C-L4
./ft_print_comb2.c:15: MINOR:C-L4
./ft_print_comb2.c:16: MINOR:C-L2
./ft_print_comb2.c:17: MINOR:C-L2
./ft_print_comb2.c:18: MAJOR:C-C1
./ft_print_comb2.c:18: MINOR:C-L2
./ft_print_comb2.c:18: MINOR:C-L3
./ft_print_comb2.c:19: MINOR:C-L2
./ft_print_comb2.c:19: MINOR:C-L4
./ft_print_comb2.c:21: MAJOR:C-C1
./ft_print_comb2.c:22: MINOR:C-L4
./ft_print_comb2.c:25: MAJOR:C-C1
./ft_print_comb2.c:25: MINOR:C-L3
./ft_print_comb2.c:26: MINOR:C-L4
./ft_print_comb2.c:27: MAJOR:C-F4
./ft_print_comb2.c:28: MAJOR:C-F4
./ft_print_comb2.c:29: MAJOR:C-F4
./ft_print_comb2.c:30: MAJOR:C-F4
./ft_print_comb2.c:30: MINOR:C-L2
./ft_print_comb2.c:31: MAJOR:C-F4
./ft_print_comb2.c:32: MAJOR:C-F4
./ft_print_comb2.c:33: MAJOR:C-F4
./ft_print_comb2.c:34: MAJOR:C-F4
./ft_print_comb2.c:34: MINOR:C-L3
./ft_print_comb2.c:35: MAJOR:C-F4
./ft_print_comb2.c:35: MINOR:C-L4
./ft_print_comb2.c:36: MAJOR:C-F4
./ft_print_comb2.c:37: MAJOR:C-F4
./ft_print_comb2.c:38: MAJOR:C-F4
./ft_print_comb2.c:50: MAJOR:C-F6
./ft_print_comb2.c:54: INFO:C-A3
./ft_print_numbers.c:1: MINOR:C-G1
./ft_print_numbers.c:3: MAJOR:C-F6
./ft_print_numbers.c:9: MINOR:C-L4
./ft_print_numbers.c:14: INFO:C-A3
./ft_print_reverse_alphabet.c:1: MINOR:C-G1
./ft_print_reverse_alphabet.c:3: MAJOR:C-F6
./ft_print_reverse_alphabet.c:5: MINOR:C-L2
./ft_print_reverse_alphabet.c:8: MINOR:C-L3
./ft_print_reverse_alphabet.c:9: MINOR:C-L4
./ft_print_reverse_alphabet.c:16: MINOR:C-G8
./ft_print_reverse_alphabet.c:17: MINOR:C-G8
./main.c:1: MINOR:C-G1
./main.c:2: MAJOR:C-G5
./main.c:6: MINOR:C-L2
./main.c:9: MAJOR:C-F6
./main.c:12: MINOR:C-L2
./main.c:13: INFO:C-A3
./test.c:1: MINOR:C-G1
./test.c:3: MAJOR:C-F6
./test.c:3: MINOR:C-L3
./test.c:6: MINOR:C-L4
./test.c:13: MINOR:C-L2
./test.c:14: MINOR:C-L2
./test.c:15: MINOR:C-L2
./test.c:15: MINOR:C-L3
./test.c:20: MINOR:C-L3
./test.c:24: MINOR:C-L2
./test.c:28: MINOR:C-L3
./test.c:41: MAJOR:C-F6
./write:1: MAJOR:C-O1
