./ft_print_comb.c:1: MINOR:C-G1
./ft_print_comb.c:3: MAJOR:C-F6
./ft_print_comb.c:5: MAJOR:C-F6
./ft_print_comb.c:13: MINOR:C-L2
./ft_print_comb.c:14: MINOR:C-L2
./ft_print_comb.c:15: MAJOR:C-C1
./ft_print_comb.c:15: MINOR:C-L2
./ft_print_comb.c:15: MINOR:C-L3
./ft_print_comb.c:17: MAJOR:C-C1
./ft_print_comb.c:20: MAJOR:C-C1
./ft_print_comb.c:20: MINOR:C-L3
./ft_print_comb.c:24: MINOR:C-L2
./ft_print_comb.c:27: MAJOR:C-F4
./ft_print_comb.c:28: MAJOR:C-F4
./ft_print_comb.c:28: MINOR:C-L3
./ft_print_comb.c:29: MAJOR:C-F4
./ft_print_comb.c:30: MAJOR:C-F4
./ft_print_comb.c:31: MAJOR:C-F4
./ft_print_comb.c:41: MAJOR:C-F6
./main.c:1: MINOR:C-G1
./main.c:1: MINOR:C-G6
./main.c:2: MAJOR:C-G5
./main.c:2: MINOR:C-G6
./main.c:3: MINOR:C-G6
./main.c:4: MINOR:C-G6
./main.c:5: MINOR:C-G6
./main.c:5: MINOR:C-L4
./main.c:6: MINOR:C-G6
./main.c:6: MINOR:C-L2
./main.c:7: MINOR:C-G6
./main.c:8: MINOR:C-G6
./main.c:9: MAJOR:C-F6
./main.c:9: MINOR:C-G2
./main.c:9: MINOR:C-G6
./main.c:10: MINOR:C-G6
./main.c:10: MINOR:C-L4
./main.c:11: MINOR:C-G6
./main.c:12: MINOR:C-G6
./main.c:12: MINOR:C-L2
./main.c:13: INFO:C-A3
./write:1: MAJOR:C-O1
