./ft_print_numbers.c:1: MINOR:C-G1
./ft_print_numbers.c:3: MAJOR:C-F6
./ft_print_numbers.c:9: MINOR:C-L4
./ft_print_numbers.c:14: INFO:C-A3
./main.c:1: MINOR:C-G1
./main.c:1: MINOR:C-G6
./main.c:2: MAJOR:C-G5
./main.c:2: MINOR:C-G6
./main.c:3: MINOR:C-G6
./main.c:4: MINOR:C-G6
./main.c:5: MINOR:C-G6
./main.c:5: MINOR:C-L4
./main.c:6: MINOR:C-G6
./main.c:6: MINOR:C-L2
./main.c:7: MINOR:C-G6
./main.c:8: MINOR:C-G6
./main.c:9: MAJOR:C-F6
./main.c:9: MINOR:C-G2
./main.c:9: MINOR:C-G6
./main.c:10: MINOR:C-G6
./main.c:10: MINOR:C-L4
./main.c:11: MINOR:C-G6
./main.c:12: MINOR:C-G6
./main.c:12: MINOR:C-L2
./main.c:13: INFO:C-A3
./write:1: MAJOR:C-O1
